<?xml version="1.0" encoding="UTF-8"?>
<!-- Generated by org.testng.reporters.JUnitReportReporter -->
<testsuite hostname="Mallika" failures="0" tests="1" name="testCases.TC_006_EndToEndTest" time="58.014" errors="0" timestamp="2024-04-11T12:48:04 IST" skipped="0">
  <testcase classname="testCases.TC_006_EndToEndTest" name="endToendTest" time="58.014"/>
</testsuite> <!-- testCases.TC_006_EndToEndTest -->
